2026-05-28 19:30:25 [main] INFO  io.github.bonigarcia.wdm.WebDriverManager - Using chromedriver 148.0.7778.178 (resolved driver for Chrome 148)
2026-05-28 19:30:25 [main] INFO  io.github.bonigarcia.wdm.WebDriverManager - Exporting webdriver.chrome.driver as C:\Users\Admin\.cache\selenium\chromedriver\win64\148.0.7778.178\chromedriver.exe
2026-05-28 19:30:42 [main] INFO  testcases.loginTestCaseDDT - Browser launched: 
2026-05-28 19:30:47 [main] INFO  testcases.loginTestCaseDDT - ****Clicked Signup/Login
2026-05-28 19:30:47 [main] INFO  testcases.loginTestCaseDDT - Test case execution finished
2026-05-28 19:31:06 [main] INFO  org.testng.internal.Utils - [TestNG] Running:
  C:\Users\Admin\IdeaProjects\AutomateEcomm\TestRunner\AddtocartProduct.xml

2026-05-28 19:31:07 [main] INFO  io.github.bonigarcia.wdm.WebDriverManager - Using chromedriver 148.0.7778.178 (resolved driver for Chrome 148)
2026-05-28 19:31:07 [main] INFO  io.github.bonigarcia.wdm.WebDriverManager - Exporting webdriver.chrome.driver as C:\Users\Admin\.cache\selenium\chromedriver\win64\148.0.7778.178\chromedriver.exe
2026-05-28 19:31:24 [main] INFO  testcases.AddProductToCartTestCase - Browser launched: 
2026-05-28 19:34:16 [main] INFO  org.testng.internal.Utils - [TestNG] Running:
  C:\Users\Admin\IdeaProjects\AutomateEcomm\TestRunner\AddtocartProduct.xml

2026-05-28 19:34:17 [main] INFO  io.github.bonigarcia.wdm.WebDriverManager - Using chromedriver 148.0.7778.178 (resolved driver for Chrome 148)
2026-05-28 19:34:17 [main] INFO  io.github.bonigarcia.wdm.WebDriverManager - Exporting webdriver.chrome.driver as C:\Users\Admin\.cache\selenium\chromedriver\win64\148.0.7778.178\chromedriver.exe
2026-05-28 19:34:23 [main] INFO  testcases.AddProductToCartTestCase - Browser launched: 
2026-05-28 19:37:11 [main] INFO  org.testng.internal.Utils - [TestNG] Running:
  C:\Users\Admin\IdeaProjects\AutomateEcomm\TestRunner\AddtocartProduct.xml

2026-05-28 19:37:12 [main] INFO  io.github.bonigarcia.wdm.WebDriverManager - Using chromedriver 148.0.7778.178 (resolved driver for Chrome 148)
2026-05-28 19:37:12 [main] INFO  io.github.bonigarcia.wdm.WebDriverManager - Exporting webdriver.chrome.driver as C:\Users\Admin\.cache\selenium\chromedriver\win64\148.0.7778.178\chromedriver.exe
2026-05-28 19:37:30 [main] INFO  testcases.AddProductToCartTestCase - Browser launched: 
2026-05-28 19:37:40 [main] INFO  org.testng.internal.Utils - [TestNG] Running:
  C:\Users\Admin\IdeaProjects\AutomateEcomm\TestRunner\AddtocartProduct.xml

2026-05-28 19:37:41 [main] INFO  io.github.bonigarcia.wdm.WebDriverManager - Using chromedriver 148.0.7778.178 (resolved driver for Chrome 148)
2026-05-28 19:37:41 [main] INFO  io.github.bonigarcia.wdm.WebDriverManager - Exporting webdriver.chrome.driver as C:\Users\Admin\.cache\selenium\chromedriver\win64\148.0.7778.178\chromedriver.exe
2026-05-28 19:37:44 [main] INFO  testcases.AddProductToCartTestCase - Browser launched: 
2026-05-28 19:37:53 [main] INFO  org.testng.internal.Utils - [TestNG] Running:
  C:\Users\Admin\IdeaProjects\AutomateEcomm\TestRunner\AddtocartProduct.xml

2026-05-28 19:37:54 [main] INFO  io.github.bonigarcia.wdm.WebDriverManager - Using chromedriver 148.0.7778.178 (resolved driver for Chrome 148)
2026-05-28 19:37:54 [main] INFO  io.github.bonigarcia.wdm.WebDriverManager - Exporting webdriver.chrome.driver as C:\Users\Admin\.cache\selenium\chromedriver\win64\148.0.7778.178\chromedriver.exe
2026-05-28 19:37:56 [main] INFO  testcases.AddProductToCartTestCase - Browser launched: 
2026-05-28 19:39:43 [main] INFO  org.testng.internal.Utils - [TestNG] Running:
  C:\Users\Admin\IdeaProjects\AutomateEcomm\TestRunner\AddtocartProduct.xml

2026-05-28 19:39:44 [main] INFO  io.github.bonigarcia.wdm.WebDriverManager - Using chromedriver 148.0.7778.178 (resolved driver for Chrome 148)
2026-05-28 19:39:44 [main] INFO  io.github.bonigarcia.wdm.WebDriverManager - Exporting webdriver.chrome.driver as C:\Users\Admin\.cache\selenium\chromedriver\win64\148.0.7778.178\chromedriver.exe
2026-05-28 19:39:49 [main] INFO  testcases.AddProductToCartTestCase - Browser launched: 
2026-05-28 19:45:29 [main] INFO  org.testng.internal.Utils - [TestNG] Running:
  C:\Users\Admin\IdeaProjects\AutomateEcomm\TestRunner\AddtocartProduct.xml

2026-05-28 19:45:29 [main] INFO  io.github.bonigarcia.wdm.WebDriverManager - Using chromedriver 148.0.7778.178 (resolved driver for Chrome 148)
2026-05-28 19:45:30 [main] INFO  io.github.bonigarcia.wdm.WebDriverManager - Exporting webdriver.chrome.driver as C:\Users\Admin\.cache\selenium\chromedriver\win64\148.0.7778.178\chromedriver.exe
2026-05-28 19:45:37 [main] INFO  testcases.AddProductToCartTestCase - Browser launched: 
2026-05-28 19:50:09 [main] INFO  org.testng.internal.Utils - [TestNG] Running:
  C:\Users\Admin\IdeaProjects\AutomateEcomm\TestRunner\AddtocartProduct.xml

2026-05-28 19:50:10 [main] INFO  io.github.bonigarcia.wdm.WebDriverManager - Using chromedriver 148.0.7778.178 (resolved driver for Chrome 148)
2026-05-28 19:50:10 [main] INFO  io.github.bonigarcia.wdm.WebDriverManager - Exporting webdriver.chrome.driver as C:\Users\Admin\.cache\selenium\chromedriver\win64\148.0.7778.178\chromedriver.exe
2026-05-28 19:50:20 [main] INFO  testcases.AddProductToCartTestCase - Browser launched: 
2026-05-28 19:54:13 [main] INFO  org.testng.internal.Utils - [TestNG] Running:
  C:\Users\Admin\IdeaProjects\AutomateEcomm\TestRunner\AddtocartProduct.xml

2026-05-28 19:54:14 [main] INFO  io.github.bonigarcia.wdm.WebDriverManager - Using chromedriver 148.0.7778.178 (resolved driver for Chrome 148)
2026-05-28 19:54:14 [main] INFO  io.github.bonigarcia.wdm.WebDriverManager - Exporting webdriver.chrome.driver as C:\Users\Admin\.cache\selenium\chromedriver\win64\148.0.7778.178\chromedriver.exe
2026-05-28 19:54:17 [main] INFO  testcases.AddProductToCartTestCase - Browser launched: 
2026-05-28 19:55:36 [main] INFO  org.testng.internal.Utils - [TestNG] Running:
  C:\Users\Admin\IdeaProjects\AutomateEcomm\TestRunner\AddtocartProduct.xml

2026-05-28 19:55:37 [main] INFO  io.github.bonigarcia.wdm.WebDriverManager - Using chromedriver 148.0.7778.178 (resolved driver for Chrome 148)
2026-05-28 19:55:37 [main] INFO  io.github.bonigarcia.wdm.WebDriverManager - Exporting webdriver.chrome.driver as C:\Users\Admin\.cache\selenium\chromedriver\win64\148.0.7778.178\chromedriver.exe
2026-05-28 19:55:45 [main] INFO  testcases.AddProductToCartTestCase - Browser launched: 
2026-05-28 20:06:48 [main] INFO  org.testng.internal.Utils - [TestNG] Running:
  C:\Users\Admin\IdeaProjects\AutomateEcomm\TestRunner\AddtocartProduct.xml

2026-05-28 20:06:49 [main] INFO  io.github.bonigarcia.wdm.WebDriverManager - Using chromedriver 148.0.7778.178 (resolved driver for Chrome 148)
2026-05-28 20:06:49 [main] INFO  io.github.bonigarcia.wdm.WebDriverManager - Exporting webdriver.chrome.driver as C:\Users\Admin\.cache\selenium\chromedriver\win64\148.0.7778.178\chromedriver.exe
2026-05-28 20:09:24 [main] INFO  org.testng.internal.Utils - [TestNG] Running:
  C:\Users\Admin\IdeaProjects\AutomateEcomm\TestRunner\AddtocartProduct.xml

2026-05-28 20:09:25 [main] INFO  io.github.bonigarcia.wdm.WebDriverManager - Using chromedriver 148.0.7778.178 (resolved driver for Chrome 148)
2026-05-28 20:09:25 [main] INFO  io.github.bonigarcia.wdm.WebDriverManager - Exporting webdriver.chrome.driver as C:\Users\Admin\.cache\selenium\chromedriver\win64\148.0.7778.178\chromedriver.exe
2026-05-28 20:15:00 [main] INFO  org.testng.internal.Utils - [TestNG] Running:
  C:\Users\Admin\IdeaProjects\AutomateEcomm\TestRunner\AddtocartProduct.xml

2026-05-28 20:16:35 [main] INFO  org.testng.internal.Utils - [TestNG] Running:
  C:\Users\Admin\IdeaProjects\AutomateEcomm\TestRunner\AddtocartProduct.xml

2026-05-28 20:16:36 [main] INFO  io.github.bonigarcia.wdm.WebDriverManager - Using chromedriver 148.0.7778.178 (resolved driver for Chrome 148)
2026-05-28 20:16:36 [main] INFO  io.github.bonigarcia.wdm.WebDriverManager - Exporting webdriver.chrome.driver as C:\Users\Admin\.cache\selenium\chromedriver\win64\148.0.7778.178\chromedriver.exe
2026-05-28 20:17:23 [main] INFO  testcases.AddProductToCartTestCase - Browser launched: 
2026-05-28 20:24:34 [main] INFO  org.testng.internal.Utils - [TestNG] Running:
  C:\Users\Admin\IdeaProjects\AutomateEcomm\TestRunner\AddtocartProduct.xml

2026-05-28 20:24:35 [main] INFO  io.github.bonigarcia.wdm.WebDriverManager - Using chromedriver 148.0.7778.178 (resolved driver for Chrome 148)
2026-05-28 20:24:35 [main] INFO  io.github.bonigarcia.wdm.WebDriverManager - Exporting webdriver.chrome.driver as C:\Users\Admin\.cache\selenium\chromedriver\win64\148.0.7778.178\chromedriver.exe
2026-05-28 20:25:14 [main] INFO  testcases.AddProductToCartTestCase - Browser launched: 
2026-05-28 20:36:11 [main] INFO  org.testng.internal.Utils - [TestNG] Running:
  C:\Users\Admin\IdeaProjects\AutomateEcomm\TestRunner\AddtocartProduct.xml

2026-05-28 20:36:16 [main] INFO  io.github.bonigarcia.wdm.WebDriverManager - Using chromedriver 148.0.7778.178 (resolved driver for Chrome 148)
2026-05-28 20:36:16 [main] INFO  io.github.bonigarcia.wdm.WebDriverManager - Exporting webdriver.chrome.driver as C:\Users\Admin\.cache\selenium\chromedriver\win64\148.0.7778.178\chromedriver.exe
2026-05-28 20:37:09 [main] INFO  testcases.AddProductToCartTestCase - Browser launched: 
2026-05-28 20:44:48 [main] INFO  org.testng.internal.Utils - [TestNG] Running:
  C:\Users\Admin\IdeaProjects\AutomateEcomm\TestRunner\AddtocartProduct.xml

2026-05-28 20:44:48 [main] INFO  io.github.bonigarcia.wdm.WebDriverManager - Using chromedriver 148.0.7778.178 (resolved driver for Chrome 148)
2026-05-28 20:44:49 [main] INFO  io.github.bonigarcia.wdm.WebDriverManager - Exporting webdriver.chrome.driver as C:\Users\Admin\.cache\selenium\chromedriver\win64\148.0.7778.178\chromedriver.exe
2026-05-28 20:45:13 [main] INFO  testcases.AddProductToCartTestCase - Browser launched: 
2026-05-28 22:14:35 [main] INFO  org.testng.internal.Utils - [TestNG] Running:
  C:\Users\Admin\IdeaProjects\AutomateEcomm\TestRunner\AddtocartProduct.xml

2026-05-28 22:14:40 [main] INFO  io.github.bonigarcia.wdm.WebDriverManager - Using chromedriver 148.0.7778.178 (resolved driver for Chrome 148)
2026-05-28 22:14:40 [main] INFO  io.github.bonigarcia.wdm.WebDriverManager - Exporting webdriver.chrome.driver as C:\Users\Admin\.cache\selenium\chromedriver\win64\148.0.7778.178\chromedriver.exe
2026-05-28 22:15:16 [main] INFO  testcases.AddProductToCartTestCase - Browser launched: 
2026-05-28 22:17:40 [main] INFO  org.testng.internal.Utils - [TestNG] Running:
  C:\Users\Admin\IdeaProjects\AutomateEcomm\TestRunner\AddtocartProduct.xml

2026-05-28 22:17:41 [main] INFO  io.github.bonigarcia.wdm.WebDriverManager - Using chromedriver 148.0.7778.178 (resolved driver for Chrome 148)
2026-05-28 22:17:41 [main] INFO  io.github.bonigarcia.wdm.WebDriverManager - Exporting webdriver.chrome.driver as C:\Users\Admin\.cache\selenium\chromedriver\win64\148.0.7778.178\chromedriver.exe
2026-05-28 22:18:17 [main] INFO  testcases.AddProductToCartTestCase - Browser launched: 
2026-05-28 22:21:07 [main] INFO  org.testng.internal.Utils - [TestNG] Running:
  C:\Users\Admin\IdeaProjects\AutomateEcomm\TestRunner\AddtocartProduct.xml

2026-05-28 22:21:08 [main] INFO  io.github.bonigarcia.wdm.WebDriverManager - Using chromedriver 148.0.7778.178 (resolved driver for Chrome 148)
2026-05-28 22:21:08 [main] INFO  io.github.bonigarcia.wdm.WebDriverManager - Exporting webdriver.chrome.driver as C:\Users\Admin\.cache\selenium\chromedriver\win64\148.0.7778.178\chromedriver.exe
2026-05-28 22:21:42 [main] INFO  testcases.AddProductToCartTestCase - Browser launched: 
2026-05-28 22:38:11 [main] INFO  org.testng.internal.Utils - [TestNG] Running:
  C:\Users\Admin\IdeaProjects\AutomateEcomm\TestRunner\AddtocartProduct.xml

2026-05-28 22:38:12 [main] INFO  io.github.bonigarcia.wdm.WebDriverManager - Using chromedriver 148.0.7778.178 (resolved driver for Chrome 148)
2026-05-28 22:38:13 [main] INFO  io.github.bonigarcia.wdm.WebDriverManager - Exporting webdriver.chrome.driver as C:\Users\Admin\.cache\selenium\chromedriver\win64\148.0.7778.178\chromedriver.exe
2026-05-28 22:38:48 [main] INFO  testcases.AddProductToCartTestCase - Browser launched: 
2026-05-28 22:48:47 [main] INFO  org.testng.internal.Utils - [TestNG] Running:
  C:\Users\Admin\IdeaProjects\AutomateEcomm\TestRunner\AddtocartProduct.xml

2026-05-28 22:48:47 [main] INFO  io.github.bonigarcia.wdm.WebDriverManager - Using chromedriver 148.0.7778.178 (resolved driver for Chrome 148)
2026-05-28 22:48:47 [main] INFO  io.github.bonigarcia.wdm.WebDriverManager - Exporting webdriver.chrome.driver as C:\Users\Admin\.cache\selenium\chromedriver\win64\148.0.7778.178\chromedriver.exe
2026-05-28 22:49:21 [main] INFO  testcases.AddProductToCartTestCase - Browser launched: 
2026-05-28 22:49:57 [main] INFO  org.testng.internal.Utils - [TestNG] Running:
  C:\Users\Admin\IdeaProjects\AutomateEcomm\TestRunner\AddtocartProduct.xml

2026-05-28 22:49:57 [main] INFO  io.github.bonigarcia.wdm.WebDriverManager - Using chromedriver 148.0.7778.178 (resolved driver for Chrome 148)
2026-05-28 22:49:58 [main] INFO  io.github.bonigarcia.wdm.WebDriverManager - Exporting webdriver.chrome.driver as C:\Users\Admin\.cache\selenium\chromedriver\win64\148.0.7778.178\chromedriver.exe
2026-05-28 22:50:33 [main] INFO  testcases.AddProductToCartTestCase - Browser launched: 
